-------------------------------------------------------------------------------
Test set: com.lazerycode.selenium.tests.GoogleExampleIT
-------------------------------------------------------------------------------
Tests run: 2, Failures: 1, Errors: 0, Skipped: 0, Time elapsed: 6.154 s <<< FAILURE! - in com.lazerycode.selenium.tests.GoogleExampleIT
googleCheeseExample(com.lazerycode.selenium.tests.GoogleExampleIT)  Time elapsed: 3.042 s  <<< FAILURE!
java.lang.AssertionError: expected [Index Page] but found [Igndex Page]
	at com.lazerycode.selenium.tests.GoogleExampleIT.googleCheeseExample(GoogleExampleIT.java:32)

