<?xml version="1.0" encoding="UTF-8"?>
<testng-results skipped="0" failed="1" ignored="0" total="2" passed="1">
  <reporter-output>
  </reporter-output>
  <suite name="Surefire suite" duration-ms="5318" started-at="2018-05-05T23:22:09Z" finished-at="2018-05-05T23:22:14Z">
    <groups>
    </groups>
    <test name="Surefire test" duration-ms="5318" started-at="2018-05-05T23:22:09Z" finished-at="2018-05-05T23:22:14Z">
      <class name="com.lazerycode.selenium.tests.GoogleExampleIT">
        <test-method status="PASS" signature="instantiateDriverObject()[pri:0, instance:com.lazerycode.selenium.tests.GoogleExampleIT@1efbd816]" name="instantiateDriverObject" is-config="true" duration-ms="8" started-at="2018-05-05T23:22:09Z" finished-at="2018-05-05T23:22:09Z">
          <reporter-output>
          </reporter-output>
        </test-method> <!-- instantiateDriverObject -->
        <test-method status="FAIL" signature="googleCheeseExample()[pri:0, instance:com.lazerycode.selenium.tests.GoogleExampleIT@1efbd816]" name="googleCheeseExample" duration-ms="2899" started-at="2018-05-05T23:22:09Z" finished-at="2018-05-05T23:22:11Z">
          <exception class="java.lang.AssertionError">
            <message>
              <![CDATA[expected [Index Page] but found [Igndex Page]]]>
            </message>
            <full-stacktrace>
              <![CDATA[java.lang.AssertionError: expected [Index Page] but found [Igndex Page]
at org.testng.Assert.fail(Assert.java:96)
at org.testng.Assert.failNotEquals(Assert.java:776)
at org.testng.Assert.assertEqualsImpl(Assert.java:137)
at org.testng.Assert.assertEquals(Assert.java:118)
at org.testng.Assert.assertEquals(Assert.java:453)
at org.testng.Assert.assertEquals(Assert.java:463)
at com.lazerycode.selenium.tests.GoogleExampleIT.googleCheeseExample(GoogleExampleIT.java:32)
at sun.reflect.NativeMethodAccessorImpl.invoke0(Native Method)
at sun.reflect.NativeMethodAccessorImpl.invoke(NativeMethodAccessorImpl.java:62)
at sun.reflect.DelegatingMethodAccessorImpl.invoke(DelegatingMethodAccessorImpl.java:43)
at java.lang.reflect.Method.invoke(Method.java:498)
at org.testng.internal.MethodInvocationHelper.invokeMethod(MethodInvocationHelper.java:124)
at org.testng.internal.Invoker.invokeMethod(Invoker.java:580)
at org.testng.internal.Invoker.invokeTestMethod(Invoker.java:716)
at org.testng.internal.Invoker.invokeTestMethods(Invoker.java:988)
at org.testng.internal.TestMethodWorker.invokeTestMethods(TestMethodWorker.java:125)
at org.testng.internal.TestMethodWorker.run(TestMethodWorker.java:109)
at java.util.concurrent.ThreadPoolExecutor.runWorker(ThreadPoolExecutor.java:1149)
at java.util.concurrent.ThreadPoolExecutor$Worker.run(ThreadPoolExecutor.java:624)
at java.lang.Thread.run(Thread.java:748)
]]>
            </full-stacktrace>
          </exception> <!-- java.lang.AssertionError -->
          <reporter-output>
          </reporter-output>
        </test-method> <!-- googleCheeseExample -->
        <test-method status="PASS" signature="clearCookies()[pri:0, instance:com.lazerycode.selenium.tests.GoogleExampleIT@1efbd816]" name="clearCookies" is-config="true" duration-ms="16" started-at="2018-05-05T23:22:12Z" finished-at="2018-05-05T23:22:12Z">
          <reporter-output>
          </reporter-output>
        </test-method> <!-- clearCookies -->
        <test-method status="PASS" signature="googleMilkExample()[pri:0, instance:com.lazerycode.selenium.tests.GoogleExampleIT@1efbd816]" name="googleMilkExample" duration-ms="2101" started-at="2018-05-05T23:22:12Z" finished-at="2018-05-05T23:22:14Z">
          <reporter-output>
          </reporter-output>
        </test-method> <!-- googleMilkExample -->
        <test-method status="PASS" signature="clearCookies()[pri:0, instance:com.lazerycode.selenium.tests.GoogleExampleIT@1efbd816]" name="clearCookies" is-config="true" duration-ms="36" started-at="2018-05-05T23:22:14Z" finished-at="2018-05-05T23:22:14Z">
          <reporter-output>
          </reporter-output>
        </test-method> <!-- clearCookies -->
        <test-method status="PASS" signature="closeDriverObjects()[pri:0, instance:com.lazerycode.selenium.tests.GoogleExampleIT@1efbd816]" name="closeDriverObjects" is-config="true" duration-ms="572" started-at="2018-05-05T23:22:14Z" finished-at="2018-05-05T23:22:14Z">
          <reporter-output>
          </reporter-output>
        </test-method> <!-- closeDriverObjects -->
      </class> <!-- com.lazerycode.selenium.tests.GoogleExampleIT -->
    </test> <!-- Surefire test -->
  </suite> <!-- Surefire suite -->
</testng-results>
